App/app/build/intermediates/manifest_merge_blame_file/debug/manifest-merger-blame-debug-report.txt
1<?xml version="1.0" encoding="utf-8"?>
2<manifest xmlns:android="http://schemas.android.com/apk/res/android"
3    package="ch.zhaw.ch"
4    android:versionCode="1"
5    android:versionName="1.0" >
6
7    <uses-sdk
8        android:minSdkVersion="24"
8-->src\main\AndroidManifest.xml
9        android:targetSdkVersion="30" />
9-->src\main\AndroidManifest.xml
10
11    <uses-permission android:name="android.permission.READ_EXTERNAL_STORAGE" />
11-->src\main\AndroidManifest.xml:5:5-80
11-->src\main\AndroidManifest.xml:5:22-77
12    <uses-permission android:name="android.permission.WAKE_LOCK" />
12-->src\main\AndroidManifest.xml:6:5-68
12-->src\main\AndroidManifest.xml:6:22-65
13
14    <application
14-->src\main\AndroidManifest.xml:8:5-37:19
15        android:allowBackup="true"
15-->src\main\AndroidManifest.xml:9:9-35
16        android:appComponentFactory="androidx.core.app.CoreComponentFactory"
16-->[androidx.core:core:1.1.0] AndroidManifest.xml:24:18-86
17        android:debuggable="true"
18        android:extractNativeLibs="false"
19        android:icon="@mipmap/ic_launcher"
19-->src\main\AndroidManifest.xml:10:9-43
20        android:label="@string/app_name"
20-->src\main\AndroidManifest.xml:11:9-41
21        android:roundIcon="@mipmap/ic_launcher_round"
21-->src\main\AndroidManifest.xml:12:9-54
22        android:supportsRtl="true"
22-->src\main\AndroidManifest.xml:13:9-35
23        android:testOnly="true"
24        android:theme="@style/Theme.AudioShifter" >
24-->src\main\AndroidManifest.xml:14:9-50
25        <activity android:name="ch.zhaw.ch.gui.SettingsView" />
25-->src\main\AndroidManifest.xml:15:9-63
25-->src\main\AndroidManifest.xml:15:19-51
26        <activity android:name="ch.zhaw.ch.gui.PlayerView" />
26-->src\main\AndroidManifest.xml:16:9-52
26-->src\main\AndroidManifest.xml:16:19-49
27        <activity android:name="ch.zhaw.ch.gui.SongListView" />
27-->src\main\AndroidManifest.xml:17:9-54
27-->src\main\AndroidManifest.xml:17:19-51
28        <activity
28-->src\main\AndroidManifest.xml:18:9-28:20
29            android:name="ch.zhaw.ch.gui.SplashScreen"
29-->src\main\AndroidManifest.xml:19:13-45
30            android:label="@string/app_name"
30-->src\main\AndroidManifest.xml:20:13-45
31            android:launchMode="singleTop"
31-->src\main\AndroidManifest.xml:21:13-43
32            android:screenOrientation="portrait" >
32-->src\main\AndroidManifest.xml:22:13-49
33            <intent-filter>
33-->src\main\AndroidManifest.xml:23:13-27:29
34                <action android:name="android.intent.action.MAIN" />
34-->src\main\AndroidManifest.xml:24:17-69
34-->src\main\AndroidManifest.xml:24:25-66
35
36                <category android:name="android.intent.category.LAUNCHER" />
36-->src\main\AndroidManifest.xml:26:17-77
36-->src\main\AndroidManifest.xml:26:27-74
37            </intent-filter>
38        </activity>
39
40        <service
40-->src\main\AndroidManifest.xml:30:9-36:19
41            android:name="ch.zhaw.ch.MusicService"
41-->src\main\AndroidManifest.xml:31:13-41
42            android:enabled="true" >
42-->src\main\AndroidManifest.xml:32:13-35
43            <intent-filter>
43-->src\main\AndroidManifest.xml:33:13-35:29
44                <action android:name="ch.zhaw.ch.MUSICSERVICE" />
44-->src\main\AndroidManifest.xml:34:17-66
44-->src\main\AndroidManifest.xml:34:25-63
45            </intent-filter>
46        </service>
47    </application>
48
49</manifest>